2013-02-26 15:51:11,867 [Thread-22] ERROR StackTrace  - Full Stack Trace:
java.io.IOException: couldn't connect to [/127.0.0.1:27017] bc:java.net.ConnectException: Connection refused
	at com.mongodb.DBPort._open(DBPort.java:214)
	at com.mongodb.DBPort.go(DBPort.java:107)
	at com.mongodb.DBPort.call(DBPort.java:74)
	at com.mongodb.DBTCPConnector.innerCall(DBTCPConnector.java:286)
	at com.mongodb.DBTCPConnector.call(DBTCPConnector.java:257)
	at com.mongodb.DBApiLayer$MyCollection.__find(DBApiLayer.java:310)
	at com.mongodb.DBApiLayer$MyCollection.__find(DBApiLayer.java:295)
	at com.mongodb.DBCursor._check(DBCursor.java:368)
	at com.mongodb.DBCursor._hasNext(DBCursor.java:459)
	at com.mongodb.DBCursor.hasNext(DBCursor.java:484)
	at org.grails.datastore.mapping.mongo.engine.MongoEntityPersister$3.doInDB(MongoEntityPersister.java:341)
	at org.springframework.data.mongodb.core.MongoTemplate.execute(MongoTemplate.java:385)
	at org.grails.datastore.mapping.mongo.engine.MongoEntityPersister.generateIdentifier(MongoEntityPersister.java:327)
	at org.grails.datastore.mapping.mongo.engine.MongoEntityPersister.generateIdentifier(MongoEntityPersister.java:53)
	at org.grails.datastore.mapping.engine.NativeEntryEntityPersister.persistEntity(NativeEntryEntityPersister.java:811)
	at org.grails.datastore.mapping.engine.EntityPersister.persist(EntityPersister.java:132)
	at org.grails.datastore.mapping.core.AbstractSession.persist(AbstractSession.java:477)
	at org.grails.datastore.mapping.core.Session$persist.call(Unknown Source)
	at org.grails.datastore.gorm.GormInstanceApi.doSave(GormInstanceApi.groovy:166)
	at sun.reflect.NativeMethodAccessorImpl.invoke0(Native Method)
	at sun.reflect.NativeMethodAccessorImpl.invoke(NativeMethodAccessorImpl.java:57)
	at sun.reflect.DelegatingMethodAccessorImpl.invoke(DelegatingMethodAccessorImpl.java:43)
	at java.lang.reflect.Method.invoke(Method.java:601)
	at org.springsource.loaded.ri.ReflectiveInterceptor.jlrMethodInvoke(ReflectiveInterceptor.java:1243)
	at org.codehaus.groovy.reflection.CachedMethod.invoke(CachedMethod.java:90)
	at groovy.lang.MetaMethod.doMethodInvoke(MetaMethod.java:233)
	at groovy.lang.MetaClassImpl.invokeMethod(MetaClassImpl.java:1082)
	at groovy.lang.ExpandoMetaClass.invokeMethod(ExpandoMetaClass.java:1106)
	at groovy.lang.MetaClassImpl.invokeMethod(MetaClassImpl.java:906)
	at groovy.lang.MetaClassImpl.invokeMethod(MetaClassImpl.java:1027)
	at groovy.lang.ExpandoMetaClass.invokeMethod(ExpandoMetaClass.java:1106)
	at groovy.lang.MetaClassImpl.invokeMethod(MetaClassImpl.java:906)
	at org.codehaus.groovy.runtime.callsite.PogoMetaClassSite.callCurrent(PogoMetaClassSite.java:66)
	at org.codehaus.groovy.runtime.callsite.AbstractCallSite.callCurrent(AbstractCallSite.java:149)
	at org.grails.datastore.gorm.GormInstanceApi$_save_closure4.doCall(GormInstanceApi.groovy:143)
	at sun.reflect.NativeMethodAccessorImpl.invoke0(Native Method)
	at sun.reflect.NativeMethodAccessorImpl.invoke(NativeMethodAccessorImpl.java:57)
	at sun.reflect.DelegatingMethodAccessorImpl.invoke(DelegatingMethodAccessorImpl.java:43)
	at java.lang.reflect.Method.invoke(Method.java:601)
	at org.springsource.loaded.ri.ReflectiveInterceptor.jlrMethodInvoke(ReflectiveInterceptor.java:1243)
	at org.codehaus.groovy.reflection.CachedMethod.invoke(CachedMethod.java:90)
	at groovy.lang.MetaMethod.doMethodInvoke(MetaMethod.java:233)
	at groovy.lang.MetaClassImpl.invokeMethod(MetaClassImpl.java:1082)
	at groovy.lang.ExpandoMetaClass.invokeMethod(ExpandoMetaClass.java:1106)
	at groovy.lang.MetaClassImpl.invokeMethod(MetaClassImpl.java:906)
	at groovy.lang.Closure.call(Closure.java:412)
	at org.codehaus.groovy.runtime.ConvertedClosure.invokeCustom(ConvertedClosure.java:51)
	at org.codehaus.groovy.runtime.ConversionHandler.invoke(ConversionHandler.java:82)
	at $Proxy31.doInSession(Unknown Source)
	at org.grails.datastore.mapping.core.DatastoreUtils.execute(DatastoreUtils.java:302)
	at org.grails.datastore.mapping.core.DatastoreUtils$execute.call(Unknown Source)
	at org.grails.datastore.gorm.AbstractDatastoreApi.execute(AbstractDatastoreApi.groovy:34)
	at sun.reflect.NativeMethodAccessorImpl.invoke0(Native Method)
	at sun.reflect.NativeMethodAccessorImpl.invoke(NativeMethodAccessorImpl.java:57)
	at sun.reflect.DelegatingMethodAccessorImpl.invoke(DelegatingMethodAccessorImpl.java:43)
	at java.lang.reflect.Method.invoke(Method.java:601)
	at org.springsource.loaded.ri.ReflectiveInterceptor.jlrMethodInvoke(ReflectiveInterceptor.java:1243)
	at org.codehaus.groovy.runtime.callsite.PogoMetaMethodSite$PogoCachedMethodSite.invoke(PogoMetaMethodSite.java:231)
	at org.codehaus.groovy.runtime.callsite.PogoMetaMethodSite.callCurrent(PogoMetaMethodSite.java:52)
	at org.codehaus.groovy.runtime.callsite.AbstractCallSite.callCurrent(AbstractCallSite.java:141)
	at org.grails.datastore.gorm.GormInstanceApi.save(GormInstanceApi.groovy:142)
	at org.grails.datastore.gorm.GormInstanceApi$save.callCurrent(Unknown Source)
	at org.grails.datastore.gorm.GormInstanceApi.save(GormInstanceApi.groovy:102)
	at sun.reflect.NativeMethodAccessorImpl.invoke0(Native Method)
	at sun.reflect.NativeMethodAccessorImpl.invoke(NativeMethodAccessorImpl.java:57)
	at sun.reflect.DelegatingMethodAccessorImpl.invoke(DelegatingMethodAccessorImpl.java:43)
	at java.lang.reflect.Method.invoke(Method.java:601)
	at org.springsource.loaded.ri.ReflectiveInterceptor.jlrMethodInvoke(ReflectiveInterceptor.java:1243)
	at org.codehaus.groovy.reflection.CachedMethod.invoke(CachedMethod.java:90)
	at groovy.lang.MetaMethod.doMethodInvoke(MetaMethod.java:233)
	at groovy.lang.MetaClassImpl.invokeMethod(MetaClassImpl.java:1082)
	at groovy.lang.ExpandoMetaClass.invokeMethod(ExpandoMetaClass.java:1106)
	at groovy.lang.MetaClassImpl.invokeMethod(MetaClassImpl.java:906)
	at org.codehaus.groovy.runtime.InvokerHelper.invokePogoMethod(InvokerHelper.java:848)
	at org.codehaus.groovy.runtime.InvokerHelper.invokeMethod(InvokerHelper.java:831)
	at org.codehaus.groovy.runtime.ScriptBytecodeAdapter.invokeMethodN(ScriptBytecodeAdapter.java:164)
	at org.grails.datastore.gorm.InstanceMethodInvokingClosure.call(GormEnhancer.groovy:260)
	at org.codehaus.groovy.runtime.metaclass.ClosureStaticMetaMethod.invoke(ClosureStaticMetaMethod.java:59)
	at org.codehaus.groovy.runtime.callsite.PogoMetaMethodSite$PogoMetaMethodSiteNoUnwrapNoCoerce.invoke(PogoMetaMethodSite.java:313)
	at org.codehaus.groovy.runtime.callsite.PogoMetaMethodSite.call(PogoMetaMethodSite.java:64)
	at org.codehaus.groovy.runtime.callsite.CallSiteArray.defaultCall(CallSiteArray.java:45)
	at org.codehaus.groovy.runtime.callsite.AbstractCallSite.call(AbstractCallSite.java:108)
	at org.codehaus.groovy.runtime.callsite.AbstractCallSite.call(AbstractCallSite.java:112)
	at TestDbConnection.run(TestDbConnection.groovy:7)
	at groovy.lang.GroovyShell.runScriptOrMainOrTestOrRunnable(GroovyShell.java:257)
	at groovy.lang.GroovyShell.run(GroovyShell.java:481)
	at groovy.lang.GroovyShell.run(GroovyShell.java:163)
	at groovy.lang.GroovyShell$run.call(Unknown Source)
	at groovy.ui.Console$_runScriptImpl_closure17.doCall(Console.groovy:951)
	at groovy.ui.Console$_runScriptImpl_closure17.doCall(Console.groovy)
	at sun.reflect.NativeMethodAccessorImpl.invoke0(Native Method)
	at sun.reflect.NativeMethodAccessorImpl.invoke(NativeMethodAccessorImpl.java:57)
	at sun.reflect.DelegatingMethodAccessorImpl.invoke(DelegatingMethodAccessorImpl.java:43)
	at java.lang.reflect.Method.invoke(Method.java:601)
	at org.springsource.loaded.ri.ReflectiveInterceptor.jlrMethodInvoke(ReflectiveInterceptor.java:1243)
	at org.codehaus.groovy.reflection.CachedMethod.invoke(CachedMethod.java:90)
	at groovy.lang.MetaMethod.doMethodInvoke(MetaMethod.java:233)
	at groovy.lang.MetaClassImpl.invokeMethod(MetaClassImpl.java:1082)
	at groovy.lang.ExpandoMetaClass.invokeMethod(ExpandoMetaClass.java:1106)
	at groovy.lang.MetaClassImpl.invokeMethod(MetaClassImpl.java:906)
	at groovy.lang.Closure.call(Closure.java:412)
	at groovy.lang.Closure.call(Closure.java:406)
	at groovy.lang.Closure.run(Closure.java:490)
	at java.lang.Thread.run(Thread.java:722)
2013-02-26 15:51:11,869 [Thread-22] ERROR StackTrace  - Full Stack Trace:
java.io.IOException: couldn't connect to [/127.0.0.1:27017] bc:java.net.ConnectException: Connection refused
	at com.mongodb.DBPort._open(DBPort.java:214)
	at com.mongodb.DBPort.go(DBPort.java:107)
	at com.mongodb.DBPort.call(DBPort.java:74)
	at com.mongodb.DBTCPConnector.innerCall(DBTCPConnector.java:286)
	at com.mongodb.DBTCPConnector.call(DBTCPConnector.java:257)
	at com.mongodb.DBApiLayer$MyCollection.__find(DBApiLayer.java:310)
	at com.mongodb.DBApiLayer$MyCollection.__find(DBApiLayer.java:295)
	at com.mongodb.DBCursor._check(DBCursor.java:368)
	at com.mongodb.DBCursor._hasNext(DBCursor.java:459)
	at com.mongodb.DBCursor.hasNext(DBCursor.java:484)
	at org.grails.datastore.mapping.mongo.engine.MongoEntityPersister$3.doInDB(MongoEntityPersister.java:341)
	at org.grails.datastore.mapping.mongo.engine.MongoEntityPersister.generateIdentifier(MongoEntityPersister.java:327)
	at org.grails.datastore.mapping.mongo.engine.MongoEntityPersister.generateIdentifier(MongoEntityPersister.java:53)
	at org.grails.datastore.mapping.engine.NativeEntryEntityPersister.persistEntity(NativeEntryEntityPersister.java:811)
	at org.grails.datastore.mapping.engine.EntityPersister.persist(EntityPersister.java:132)
	at org.grails.datastore.mapping.core.AbstractSession.persist(AbstractSession.java:477)
	at org.grails.datastore.gorm.GormInstanceApi.doSave(GormInstanceApi.groovy:166)
	at org.grails.datastore.gorm.GormInstanceApi$_save_closure4.doCall(GormInstanceApi.groovy:143)
	at org.grails.datastore.mapping.core.DatastoreUtils.execute(DatastoreUtils.java:302)
	at org.grails.datastore.gorm.AbstractDatastoreApi.execute(AbstractDatastoreApi.groovy:34)
	at org.grails.datastore.gorm.GormInstanceApi.save(GormInstanceApi.groovy:142)
	at org.grails.datastore.gorm.GormInstanceApi.save(GormInstanceApi.groovy:102)
	at org.grails.datastore.gorm.InstanceMethodInvokingClosure.call(GormEnhancer.groovy:260)
	at TestDbConnection.run(TestDbConnection.groovy:7)
	at java.lang.Thread.run(Thread.java:722)
2013-02-26 15:51:11,869 [Thread-22] ERROR StackTrace  - Full Stack Trace:
java.io.IOException: couldn't connect to [/127.0.0.1:27017] bc:java.net.ConnectException: Connection refused
	at com.mongodb.DBPort._open(DBPort.java:214)
	at com.mongodb.DBPort.go(DBPort.java:107)
	at com.mongodb.DBPort.call(DBPort.java:74)
	at com.mongodb.DBTCPConnector.innerCall(DBTCPConnector.java:286)
	at com.mongodb.DBTCPConnector.call(DBTCPConnector.java:257)
	at com.mongodb.DBApiLayer$MyCollection.__find(DBApiLayer.java:310)
	at com.mongodb.DBApiLayer$MyCollection.__find(DBApiLayer.java:295)
	at com.mongodb.DBCursor._check(DBCursor.java:368)
	at com.mongodb.DBCursor._hasNext(DBCursor.java:459)
	at com.mongodb.DBCursor.hasNext(DBCursor.java:484)
	at org.grails.datastore.mapping.mongo.engine.MongoEntityPersister$3.doInDB(MongoEntityPersister.java:341)
	at org.grails.datastore.mapping.mongo.engine.MongoEntityPersister.generateIdentifier(MongoEntityPersister.java:327)
	at org.grails.datastore.mapping.mongo.engine.MongoEntityPersister.generateIdentifier(MongoEntityPersister.java:53)
	at org.grails.datastore.mapping.engine.NativeEntryEntityPersister.persistEntity(NativeEntryEntityPersister.java:811)
	at org.grails.datastore.mapping.engine.EntityPersister.persist(EntityPersister.java:132)
	at org.grails.datastore.mapping.core.AbstractSession.persist(AbstractSession.java:477)
	at org.grails.datastore.gorm.GormInstanceApi.doSave(GormInstanceApi.groovy:166)
	at org.grails.datastore.gorm.GormInstanceApi$_save_closure4.doCall(GormInstanceApi.groovy:143)
	at org.grails.datastore.mapping.core.DatastoreUtils.execute(DatastoreUtils.java:302)
	at org.grails.datastore.gorm.AbstractDatastoreApi.execute(AbstractDatastoreApi.groovy:34)
	at org.grails.datastore.gorm.GormInstanceApi.save(GormInstanceApi.groovy:142)
	at org.grails.datastore.gorm.GormInstanceApi.save(GormInstanceApi.groovy:102)
	at org.grails.datastore.gorm.InstanceMethodInvokingClosure.call(GormEnhancer.groovy:260)
	at TestDbConnection.run(TestDbConnection.groovy:7)
	at java.lang.Thread.run(Thread.java:722)
2013-02-26 15:51:11,870 [Thread-22] ERROR StackTrace  - Full Stack Trace:
java.io.IOException: couldn't connect to [/127.0.0.1:27017] bc:java.net.ConnectException: Connection refused
	at com.mongodb.DBPort._open(DBPort.java:214)
	at com.mongodb.DBPort.go(DBPort.java:107)
	at com.mongodb.DBPort.call(DBPort.java:74)
	at com.mongodb.DBTCPConnector.innerCall(DBTCPConnector.java:286)
	at com.mongodb.DBTCPConnector.call(DBTCPConnector.java:257)
	at com.mongodb.DBApiLayer$MyCollection.__find(DBApiLayer.java:310)
	at com.mongodb.DBApiLayer$MyCollection.__find(DBApiLayer.java:295)
	at com.mongodb.DBCursor._check(DBCursor.java:368)
	at com.mongodb.DBCursor._hasNext(DBCursor.java:459)
	at com.mongodb.DBCursor.hasNext(DBCursor.java:484)
	at org.grails.datastore.mapping.mongo.engine.MongoEntityPersister$3.doInDB(MongoEntityPersister.java:341)
	at org.grails.datastore.mapping.mongo.engine.MongoEntityPersister.generateIdentifier(MongoEntityPersister.java:327)
	at org.grails.datastore.mapping.mongo.engine.MongoEntityPersister.generateIdentifier(MongoEntityPersister.java:53)
	at org.grails.datastore.mapping.engine.NativeEntryEntityPersister.persistEntity(NativeEntryEntityPersister.java:811)
	at org.grails.datastore.mapping.engine.EntityPersister.persist(EntityPersister.java:132)
	at org.grails.datastore.mapping.core.AbstractSession.persist(AbstractSession.java:477)
	at org.grails.datastore.gorm.GormInstanceApi.doSave(GormInstanceApi.groovy:166)
	at org.grails.datastore.gorm.GormInstanceApi$_save_closure4.doCall(GormInstanceApi.groovy:143)
	at org.grails.datastore.mapping.core.DatastoreUtils.execute(DatastoreUtils.java:302)
	at org.grails.datastore.gorm.AbstractDatastoreApi.execute(AbstractDatastoreApi.groovy:34)
	at org.grails.datastore.gorm.GormInstanceApi.save(GormInstanceApi.groovy:142)
	at org.grails.datastore.gorm.GormInstanceApi.save(GormInstanceApi.groovy:102)
	at org.grails.datastore.gorm.InstanceMethodInvokingClosure.call(GormEnhancer.groovy:260)
	at TestDbConnection.run(TestDbConnection.groovy:7)
	at java.lang.Thread.run(Thread.java:722)
2013-02-26 15:57:38,893 [Thread-24] ERROR StackTrace  - Full Stack Trace:
java.io.EOFException
	at org.bson.io.Bits.readFully(Bits.java:48)
	at org.bson.io.Bits.readFully(Bits.java:33)
	at org.bson.io.Bits.readFully(Bits.java:28)
	at com.mongodb.Response.<init>(Response.java:40)
	at com.mongodb.DBPort.go(DBPort.java:124)
	at com.mongodb.DBPort.call(DBPort.java:74)
	at com.mongodb.DBTCPConnector.innerCall(DBTCPConnector.java:286)
	at com.mongodb.DBTCPConnector.call(DBTCPConnector.java:257)
	at com.mongodb.DBApiLayer$MyCollection.__find(DBApiLayer.java:310)
	at com.mongodb.DBApiLayer$MyCollection.__find(DBApiLayer.java:295)
	at com.mongodb.DBCursor._check(DBCursor.java:368)
	at com.mongodb.DBCursor._hasNext(DBCursor.java:459)
	at com.mongodb.DBCursor.hasNext(DBCursor.java:484)
	at org.grails.datastore.mapping.mongo.engine.MongoEntityPersister$3.doInDB(MongoEntityPersister.java:341)
	at org.springframework.data.mongodb.core.MongoTemplate.execute(MongoTemplate.java:385)
	at org.grails.datastore.mapping.mongo.engine.MongoEntityPersister.generateIdentifier(MongoEntityPersister.java:327)
	at org.grails.datastore.mapping.mongo.engine.MongoEntityPersister.generateIdentifier(MongoEntityPersister.java:53)
	at org.grails.datastore.mapping.engine.NativeEntryEntityPersister.persistEntity(NativeEntryEntityPersister.java:811)
	at org.grails.datastore.mapping.engine.EntityPersister.persist(EntityPersister.java:132)
	at org.grails.datastore.mapping.core.AbstractSession.persist(AbstractSession.java:477)
	at org.grails.datastore.mapping.core.Session$persist.call(Unknown Source)
	at org.grails.datastore.gorm.GormInstanceApi.doSave(GormInstanceApi.groovy:166)
	at sun.reflect.NativeMethodAccessorImpl.invoke0(Native Method)
	at sun.reflect.NativeMethodAccessorImpl.invoke(NativeMethodAccessorImpl.java:57)
	at sun.reflect.DelegatingMethodAccessorImpl.invoke(DelegatingMethodAccessorImpl.java:43)
	at java.lang.reflect.Method.invoke(Method.java:601)
	at org.springsource.loaded.ri.ReflectiveInterceptor.jlrMethodInvoke(ReflectiveInterceptor.java:1243)
	at org.codehaus.groovy.reflection.CachedMethod.invoke(CachedMethod.java:90)
	at groovy.lang.MetaMethod.doMethodInvoke(MetaMethod.java:233)
	at groovy.lang.MetaClassImpl.invokeMethod(MetaClassImpl.java:1082)
	at groovy.lang.ExpandoMetaClass.invokeMethod(ExpandoMetaClass.java:1106)
	at groovy.lang.MetaClassImpl.invokeMethod(MetaClassImpl.java:906)
	at groovy.lang.MetaClassImpl.invokeMethod(MetaClassImpl.java:1027)
	at groovy.lang.ExpandoMetaClass.invokeMethod(ExpandoMetaClass.java:1106)
	at groovy.lang.MetaClassImpl.invokeMethod(MetaClassImpl.java:906)
	at org.codehaus.groovy.runtime.callsite.PogoMetaClassSite.callCurrent(PogoMetaClassSite.java:66)
	at org.codehaus.groovy.runtime.callsite.AbstractCallSite.callCurrent(AbstractCallSite.java:149)
	at org.grails.datastore.gorm.GormInstanceApi$_save_closure4.doCall(GormInstanceApi.groovy:143)
	at sun.reflect.NativeMethodAccessorImpl.invoke0(Native Method)
	at sun.reflect.NativeMethodAccessorImpl.invoke(NativeMethodAccessorImpl.java:57)
	at sun.reflect.DelegatingMethodAccessorImpl.invoke(DelegatingMethodAccessorImpl.java:43)
	at java.lang.reflect.Method.invoke(Method.java:601)
	at org.springsource.loaded.ri.ReflectiveInterceptor.jlrMethodInvoke(ReflectiveInterceptor.java:1243)
	at org.codehaus.groovy.reflection.CachedMethod.invoke(CachedMethod.java:90)
	at groovy.lang.MetaMethod.doMethodInvoke(MetaMethod.java:233)
	at groovy.lang.MetaClassImpl.invokeMethod(MetaClassImpl.java:1082)
	at groovy.lang.ExpandoMetaClass.invokeMethod(ExpandoMetaClass.java:1106)
	at groovy.lang.MetaClassImpl.invokeMethod(MetaClassImpl.java:906)
	at groovy.lang.Closure.call(Closure.java:412)
	at org.codehaus.groovy.runtime.ConvertedClosure.invokeCustom(ConvertedClosure.java:51)
	at org.codehaus.groovy.runtime.ConversionHandler.invoke(ConversionHandler.java:82)
	at $Proxy31.doInSession(Unknown Source)
	at org.grails.datastore.mapping.core.DatastoreUtils.execute(DatastoreUtils.java:302)
	at org.grails.datastore.mapping.core.DatastoreUtils$execute.call(Unknown Source)
	at org.grails.datastore.gorm.AbstractDatastoreApi.execute(AbstractDatastoreApi.groovy:34)
	at sun.reflect.NativeMethodAccessorImpl.invoke0(Native Method)
	at sun.reflect.NativeMethodAccessorImpl.invoke(NativeMethodAccessorImpl.java:57)
	at sun.reflect.DelegatingMethodAccessorImpl.invoke(DelegatingMethodAccessorImpl.java:43)
	at java.lang.reflect.Method.invoke(Method.java:601)
	at org.springsource.loaded.ri.ReflectiveInterceptor.jlrMethodInvoke(ReflectiveInterceptor.java:1243)
	at org.codehaus.groovy.runtime.callsite.PogoMetaMethodSite$PogoCachedMethodSite.invoke(PogoMetaMethodSite.java:231)
	at org.codehaus.groovy.runtime.callsite.PogoMetaMethodSite.callCurrent(PogoMetaMethodSite.java:52)
	at org.codehaus.groovy.runtime.callsite.AbstractCallSite.callCurrent(AbstractCallSite.java:141)
	at org.grails.datastore.gorm.GormInstanceApi.save(GormInstanceApi.groovy:142)
	at org.grails.datastore.gorm.GormInstanceApi$save.callCurrent(Unknown Source)
	at org.grails.datastore.gorm.GormInstanceApi.save(GormInstanceApi.groovy:102)
	at sun.reflect.NativeMethodAccessorImpl.invoke0(Native Method)
	at sun.reflect.NativeMethodAccessorImpl.invoke(NativeMethodAccessorImpl.java:57)
	at sun.reflect.DelegatingMethodAccessorImpl.invoke(DelegatingMethodAccessorImpl.java:43)
	at java.lang.reflect.Method.invoke(Method.java:601)
	at org.springsource.loaded.ri.ReflectiveInterceptor.jlrMethodInvoke(ReflectiveInterceptor.java:1243)
	at org.codehaus.groovy.reflection.CachedMethod.invoke(CachedMethod.java:90)
	at groovy.lang.MetaMethod.doMethodInvoke(MetaMethod.java:233)
	at groovy.lang.MetaClassImpl.invokeMethod(MetaClassImpl.java:1082)
	at groovy.lang.ExpandoMetaClass.invokeMethod(ExpandoMetaClass.java:1106)
	at groovy.lang.MetaClassImpl.invokeMethod(MetaClassImpl.java:906)
	at org.codehaus.groovy.runtime.InvokerHelper.invokePogoMethod(InvokerHelper.java:848)
	at org.codehaus.groovy.runtime.InvokerHelper.invokeMethod(InvokerHelper.java:831)
	at org.codehaus.groovy.runtime.ScriptBytecodeAdapter.invokeMethodN(ScriptBytecodeAdapter.java:164)
	at org.grails.datastore.gorm.InstanceMethodInvokingClosure.call(GormEnhancer.groovy:260)
	at org.codehaus.groovy.runtime.metaclass.ClosureStaticMetaMethod.invoke(ClosureStaticMetaMethod.java:59)
	at org.codehaus.groovy.runtime.callsite.PogoMetaMethodSite$PogoMetaMethodSiteNoUnwrapNoCoerce.invoke(PogoMetaMethodSite.java:313)
	at org.codehaus.groovy.runtime.callsite.PogoMetaMethodSite.call(PogoMetaMethodSite.java:64)
	at org.codehaus.groovy.runtime.callsite.CallSiteArray.defaultCall(CallSiteArray.java:45)
	at org.codehaus.groovy.runtime.callsite.AbstractCallSite.call(AbstractCallSite.java:108)
	at org.codehaus.groovy.runtime.callsite.AbstractCallSite.call(AbstractCallSite.java:112)
	at TestDbConnection.run(TestDbConnection.groovy:7)
	at groovy.lang.GroovyShell.runScriptOrMainOrTestOrRunnable(GroovyShell.java:257)
	at groovy.lang.GroovyShell.run(GroovyShell.java:481)
	at groovy.lang.GroovyShell.run(GroovyShell.java:163)
	at groovy.lang.GroovyShell$run.call(Unknown Source)
	at groovy.ui.Console$_runScriptImpl_closure17.doCall(Console.groovy:951)
	at groovy.ui.Console$_runScriptImpl_closure17.doCall(Console.groovy)
	at sun.reflect.NativeMethodAccessorImpl.invoke0(Native Method)
	at sun.reflect.NativeMethodAccessorImpl.invoke(NativeMethodAccessorImpl.java:57)
	at sun.reflect.DelegatingMethodAccessorImpl.invoke(DelegatingMethodAccessorImpl.java:43)
	at java.lang.reflect.Method.invoke(Method.java:601)
	at org.springsource.loaded.ri.ReflectiveInterceptor.jlrMethodInvoke(ReflectiveInterceptor.java:1243)
	at org.codehaus.groovy.reflection.CachedMethod.invoke(CachedMethod.java:90)
	at groovy.lang.MetaMethod.doMethodInvoke(MetaMethod.java:233)
	at groovy.lang.MetaClassImpl.invokeMethod(MetaClassImpl.java:1082)
	at groovy.lang.ExpandoMetaClass.invokeMethod(ExpandoMetaClass.java:1106)
	at groovy.lang.MetaClassImpl.invokeMethod(MetaClassImpl.java:906)
	at groovy.lang.Closure.call(Closure.java:412)
	at groovy.lang.Closure.call(Closure.java:406)
	at groovy.lang.Closure.run(Closure.java:490)
	at java.lang.Thread.run(Thread.java:722)
2013-02-26 15:57:38,894 [Thread-24] ERROR StackTrace  - Full Stack Trace:
java.io.EOFException
	at org.bson.io.Bits.readFully(Bits.java:48)
	at org.bson.io.Bits.readFully(Bits.java:33)
	at org.bson.io.Bits.readFully(Bits.java:28)
	at com.mongodb.Response.<init>(Response.java:40)
	at com.mongodb.DBPort.go(DBPort.java:124)
	at com.mongodb.DBPort.call(DBPort.java:74)
	at com.mongodb.DBTCPConnector.innerCall(DBTCPConnector.java:286)
	at com.mongodb.DBTCPConnector.call(DBTCPConnector.java:257)
	at com.mongodb.DBApiLayer$MyCollection.__find(DBApiLayer.java:310)
	at com.mongodb.DBApiLayer$MyCollection.__find(DBApiLayer.java:295)
	at com.mongodb.DBCursor._check(DBCursor.java:368)
	at com.mongodb.DBCursor._hasNext(DBCursor.java:459)
	at com.mongodb.DBCursor.hasNext(DBCursor.java:484)
	at org.grails.datastore.mapping.mongo.engine.MongoEntityPersister$3.doInDB(MongoEntityPersister.java:341)
	at org.grails.datastore.mapping.mongo.engine.MongoEntityPersister.generateIdentifier(MongoEntityPersister.java:327)
	at org.grails.datastore.mapping.mongo.engine.MongoEntityPersister.generateIdentifier(MongoEntityPersister.java:53)
	at org.grails.datastore.mapping.engine.NativeEntryEntityPersister.persistEntity(NativeEntryEntityPersister.java:811)
	at org.grails.datastore.mapping.engine.EntityPersister.persist(EntityPersister.java:132)
	at org.grails.datastore.mapping.core.AbstractSession.persist(AbstractSession.java:477)
	at org.grails.datastore.gorm.GormInstanceApi.doSave(GormInstanceApi.groovy:166)
	at org.grails.datastore.gorm.GormInstanceApi$_save_closure4.doCall(GormInstanceApi.groovy:143)
	at org.grails.datastore.mapping.core.DatastoreUtils.execute(DatastoreUtils.java:302)
	at org.grails.datastore.gorm.AbstractDatastoreApi.execute(AbstractDatastoreApi.groovy:34)
	at org.grails.datastore.gorm.GormInstanceApi.save(GormInstanceApi.groovy:142)
	at org.grails.datastore.gorm.GormInstanceApi.save(GormInstanceApi.groovy:102)
	at org.grails.datastore.gorm.InstanceMethodInvokingClosure.call(GormEnhancer.groovy:260)
	at TestDbConnection.run(TestDbConnection.groovy:7)
	at java.lang.Thread.run(Thread.java:722)
2013-02-26 15:57:38,895 [Thread-24] ERROR StackTrace  - Full Stack Trace:
java.io.EOFException
	at org.bson.io.Bits.readFully(Bits.java:48)
	at org.bson.io.Bits.readFully(Bits.java:33)
	at org.bson.io.Bits.readFully(Bits.java:28)
	at com.mongodb.Response.<init>(Response.java:40)
	at com.mongodb.DBPort.go(DBPort.java:124)
	at com.mongodb.DBPort.call(DBPort.java:74)
	at com.mongodb.DBTCPConnector.innerCall(DBTCPConnector.java:286)
	at com.mongodb.DBTCPConnector.call(DBTCPConnector.java:257)
	at com.mongodb.DBApiLayer$MyCollection.__find(DBApiLayer.java:310)
	at com.mongodb.DBApiLayer$MyCollection.__find(DBApiLayer.java:295)
	at com.mongodb.DBCursor._check(DBCursor.java:368)
	at com.mongodb.DBCursor._hasNext(DBCursor.java:459)
	at com.mongodb.DBCursor.hasNext(DBCursor.java:484)
	at org.grails.datastore.mapping.mongo.engine.MongoEntityPersister$3.doInDB(MongoEntityPersister.java:341)
	at org.grails.datastore.mapping.mongo.engine.MongoEntityPersister.generateIdentifier(MongoEntityPersister.java:327)
	at org.grails.datastore.mapping.mongo.engine.MongoEntityPersister.generateIdentifier(MongoEntityPersister.java:53)
	at org.grails.datastore.mapping.engine.NativeEntryEntityPersister.persistEntity(NativeEntryEntityPersister.java:811)
	at org.grails.datastore.mapping.engine.EntityPersister.persist(EntityPersister.java:132)
	at org.grails.datastore.mapping.core.AbstractSession.persist(AbstractSession.java:477)
	at org.grails.datastore.gorm.GormInstanceApi.doSave(GormInstanceApi.groovy:166)
	at org.grails.datastore.gorm.GormInstanceApi$_save_closure4.doCall(GormInstanceApi.groovy:143)
	at org.grails.datastore.mapping.core.DatastoreUtils.execute(DatastoreUtils.java:302)
	at org.grails.datastore.gorm.AbstractDatastoreApi.execute(AbstractDatastoreApi.groovy:34)
	at org.grails.datastore.gorm.GormInstanceApi.save(GormInstanceApi.groovy:142)
	at org.grails.datastore.gorm.GormInstanceApi.save(GormInstanceApi.groovy:102)
	at org.grails.datastore.gorm.InstanceMethodInvokingClosure.call(GormEnhancer.groovy:260)
	at TestDbConnection.run(TestDbConnection.groovy:7)
	at java.lang.Thread.run(Thread.java:722)
2013-02-26 15:57:38,895 [Thread-24] ERROR StackTrace  - Full Stack Trace:
java.io.EOFException
	at org.bson.io.Bits.readFully(Bits.java:48)
	at org.bson.io.Bits.readFully(Bits.java:33)
	at org.bson.io.Bits.readFully(Bits.java:28)
	at com.mongodb.Response.<init>(Response.java:40)
	at com.mongodb.DBPort.go(DBPort.java:124)
	at com.mongodb.DBPort.call(DBPort.java:74)
	at com.mongodb.DBTCPConnector.innerCall(DBTCPConnector.java:286)
	at com.mongodb.DBTCPConnector.call(DBTCPConnector.java:257)
	at com.mongodb.DBApiLayer$MyCollection.__find(DBApiLayer.java:310)
	at com.mongodb.DBApiLayer$MyCollection.__find(DBApiLayer.java:295)
	at com.mongodb.DBCursor._check(DBCursor.java:368)
	at com.mongodb.DBCursor._hasNext(DBCursor.java:459)
	at com.mongodb.DBCursor.hasNext(DBCursor.java:484)
	at org.grails.datastore.mapping.mongo.engine.MongoEntityPersister$3.doInDB(MongoEntityPersister.java:341)
	at org.grails.datastore.mapping.mongo.engine.MongoEntityPersister.generateIdentifier(MongoEntityPersister.java:327)
	at org.grails.datastore.mapping.mongo.engine.MongoEntityPersister.generateIdentifier(MongoEntityPersister.java:53)
	at org.grails.datastore.mapping.engine.NativeEntryEntityPersister.persistEntity(NativeEntryEntityPersister.java:811)
	at org.grails.datastore.mapping.engine.EntityPersister.persist(EntityPersister.java:132)
	at org.grails.datastore.mapping.core.AbstractSession.persist(AbstractSession.java:477)
	at org.grails.datastore.gorm.GormInstanceApi.doSave(GormInstanceApi.groovy:166)
	at org.grails.datastore.gorm.GormInstanceApi$_save_closure4.doCall(GormInstanceApi.groovy:143)
	at org.grails.datastore.mapping.core.DatastoreUtils.execute(DatastoreUtils.java:302)
	at org.grails.datastore.gorm.AbstractDatastoreApi.execute(AbstractDatastoreApi.groovy:34)
	at org.grails.datastore.gorm.GormInstanceApi.save(GormInstanceApi.groovy:142)
	at org.grails.datastore.gorm.GormInstanceApi.save(GormInstanceApi.groovy:102)
	at org.grails.datastore.gorm.InstanceMethodInvokingClosure.call(GormEnhancer.groovy:260)
	at TestDbConnection.run(TestDbConnection.groovy:7)
	at java.lang.Thread.run(Thread.java:722)
2013-02-26 17:23:36,779 [http-bio-8080-exec-5] ERROR StackTrace  - Full Stack Trace:
java.lang.NullPointerException: Cannot invoke method getBytes() on null object
	at org.codehaus.groovy.runtime.NullObject.invokeMethod(NullObject.java:77)
	at org.codehaus.groovy.runtime.callsite.PogoMetaClassSite.call(PogoMetaClassSite.java:45)
	at org.codehaus.groovy.runtime.callsite.CallSiteArray.defaultCall(CallSiteArray.java:45)
	at org.codehaus.groovy.runtime.callsite.NullCallSite.call(NullCallSite.java:32)
	at org.codehaus.groovy.runtime.callsite.CallSiteArray.defaultCall(CallSiteArray.java:45)
	at org.codehaus.groovy.runtime.callsite.AbstractCallSite.call(AbstractCallSite.java:108)
	at org.codehaus.groovy.runtime.callsite.AbstractCallSite.call(AbstractCallSite.java:116)
	at twittbreizhbeansgrails.UserController$$ENyZM2W0.create(UserController.groovy:28)
	at sun.reflect.NativeMethodAccessorImpl.invoke0(Native Method)
	at sun.reflect.NativeMethodAccessorImpl.invoke(NativeMethodAccessorImpl.java:57)
	at sun.reflect.DelegatingMethodAccessorImpl.invoke(DelegatingMethodAccessorImpl.java:43)
	at java.lang.reflect.Method.invoke(Method.java:601)
	at org.springsource.loaded.ri.ReloadedTypeInvoker$2.invoke(ReloadedTypeInvoker.java:122)
	at org.springsource.loaded.ri.ReflectiveInterceptor.jlrMethodInvoke(ReflectiveInterceptor.java:1272)
	at org.codehaus.groovy.grails.web.servlet.mvc.MixedGrailsControllerHelper.invoke(MixedGrailsControllerHelper.java:69)
	at org.codehaus.groovy.grails.web.servlet.mvc.AbstractGrailsControllerHelper.handleAction(AbstractGrailsControllerHelper.java:334)
	at org.codehaus.groovy.grails.web.servlet.mvc.AbstractGrailsControllerHelper.executeAction(AbstractGrailsControllerHelper.java:217)
	at org.codehaus.groovy.grails.web.servlet.mvc.AbstractGrailsControllerHelper.handleURI(AbstractGrailsControllerHelper.java:183)
	at org.codehaus.groovy.grails.web.servlet.mvc.AbstractGrailsControllerHelper.handleURI(AbstractGrailsControllerHelper.java:116)
	at org.codehaus.groovy.grails.web.servlet.mvc.SimpleGrailsController.handleRequest(SimpleGrailsController.java:72)
	at org.springframework.web.servlet.mvc.SimpleControllerHandlerAdapter.handle(SimpleControllerHandlerAdapter.java:48)
	at org.codehaus.groovy.grails.web.servlet.GrailsDispatcherServlet.doDispatch(GrailsDispatcherServlet.java:328)
	at org.springframework.web.servlet.DispatcherServlet.doService(DispatcherServlet.java:852)
	at org.springframework.web.servlet.FrameworkServlet.processRequest(FrameworkServlet.java:882)
	at org.springframework.web.servlet.FrameworkServlet.doGet(FrameworkServlet.java:778)
	at javax.servlet.http.HttpServlet.service(HttpServlet.java:621)
	at javax.servlet.http.HttpServlet.service(HttpServlet.java:722)
	at org.apache.catalina.core.ApplicationFilterChain.internalDoFilter(ApplicationFilterChain.java:305)
	at org.apache.catalina.core.ApplicationFilterChain.doFilter(ApplicationFilterChain.java:210)
	at grails.plugin.cache.web.filter.PageFragmentCachingFilter.doFilter(PageFragmentCachingFilter.java:195)
	at grails.plugin.cache.web.filter.AbstractFilter.doFilter(AbstractFilter.java:63)
	at org.springframework.web.filter.DelegatingFilterProxy.invokeDelegate(DelegatingFilterProxy.java:346)
	at org.springframework.web.filter.DelegatingFilterProxy.doFilter(DelegatingFilterProxy.java:259)
	at org.apache.catalina.core.ApplicationFilterChain.internalDoFilter(ApplicationFilterChain.java:243)
	at org.apache.catalina.core.ApplicationFilterChain.doFilter(ApplicationFilterChain.java:210)
	at org.springframework.web.filter.OncePerRequestFilter.doFilter(OncePerRequestFilter.java:70)
	at org.apache.catalina.core.ApplicationFilterChain.internalDoFilter(ApplicationFilterChain.java:243)
	at org.apache.catalina.core.ApplicationFilterChain.doFilter(ApplicationFilterChain.java:210)
	at org.springframework.web.filter.OncePerRequestFilter.doFilter(OncePerRequestFilter.java:70)
	at org.apache.catalina.core.ApplicationFilterChain.internalDoFilter(ApplicationFilterChain.java:243)
	at org.apache.catalina.core.ApplicationFilterChain.doFilter(ApplicationFilterChain.java:210)
	at org.springframework.web.filter.OncePerRequestFilter.doFilter(OncePerRequestFilter.java:70)
	at org.apache.catalina.core.ApplicationFilterChain.internalDoFilter(ApplicationFilterChain.java:243)
	at org.apache.catalina.core.ApplicationFilterChain.doFilter(ApplicationFilterChain.java:210)
	at org.apache.catalina.core.ApplicationDispatcher.invoke(ApplicationDispatcher.java:749)
	at org.apache.catalina.core.ApplicationDispatcher.processRequest(ApplicationDispatcher.java:487)
	at org.apache.catalina.core.ApplicationDispatcher.doForward(ApplicationDispatcher.java:412)
	at org.apache.catalina.core.ApplicationDispatcher.forward(ApplicationDispatcher.java:339)
	at org.codehaus.groovy.grails.web.util.WebUtils.forwardRequestForUrlMappingInfo(WebUtils.java:314)
	at org.codehaus.groovy.grails.web.util.WebUtils.forwardRequestForUrlMappingInfo(WebUtils.java:279)
	at org.codehaus.groovy.grails.web.util.WebUtils.forwardRequestForUrlMappingInfo(WebUtils.java:270)
	at org.codehaus.groovy.grails.web.mapping.filter.UrlMappingsFilter.doFilterInternal(UrlMappingsFilter.java:221)
	at org.springframework.web.filter.OncePerRequestFilter.doFilter(OncePerRequestFilter.java:76)
	at org.apache.catalina.core.ApplicationFilterChain.internalDoFilter(ApplicationFilterChain.java:243)
	at org.apache.catalina.core.ApplicationFilterChain.doFilter(ApplicationFilterChain.java:210)
	at org.codehaus.groovy.grails.web.sitemesh.GrailsPageFilter.obtainContent(GrailsPageFilter.java:200)
	at org.codehaus.groovy.grails.web.sitemesh.GrailsPageFilter.doFilter(GrailsPageFilter.java:151)
	at org.apache.catalina.core.ApplicationFilterChain.internalDoFilter(ApplicationFilterChain.java:243)
	at org.apache.catalina.core.ApplicationFilterChain.doFilter(ApplicationFilterChain.java:210)
	at javax.servlet.FilterChain$doFilter.call(Unknown Source)
	at org.grails.plugin.resource.DevModeSanityFilter.doFilter(DevModeSanityFilter.groovy:44)
	at org.apache.catalina.core.ApplicationFilterChain.internalDoFilter(ApplicationFilterChain.java:243)
	at org.apache.catalina.core.ApplicationFilterChain.doFilter(ApplicationFilterChain.java:210)
	at org.codehaus.groovy.grails.web.servlet.mvc.GrailsWebRequestFilter.doFilterInternal(GrailsWebRequestFilter.java:69)
	at org.springframework.web.filter.OncePerRequestFilter.doFilter(OncePerRequestFilter.java:76)
	at org.apache.catalina.core.ApplicationFilterChain.internalDoFilter(ApplicationFilterChain.java:243)
	at org.apache.catalina.core.ApplicationFilterChain.doFilter(ApplicationFilterChain.java:210)
	at org.codehaus.groovy.grails.web.filters.HiddenHttpMethodFilter.doFilterInternal(HiddenHttpMethodFilter.java:66)
	at org.springframework.web.filter.OncePerRequestFilter.doFilter(OncePerRequestFilter.java:76)
	at org.apache.catalina.core.ApplicationFilterChain.internalDoFilter(ApplicationFilterChain.java:243)
	at org.apache.catalina.core.ApplicationFilterChain.doFilter(ApplicationFilterChain.java:210)
	at org.springframework.web.filter.CharacterEncodingFilter.doFilterInternal(CharacterEncodingFilter.java:88)
	at org.springframework.web.filter.OncePerRequestFilter.doFilter(OncePerRequestFilter.java:76)
	at org.springframework.web.filter.DelegatingFilterProxy.invokeDelegate(DelegatingFilterProxy.java:346)
	at org.springframework.web.filter.DelegatingFilterProxy.doFilter(DelegatingFilterProxy.java:259)
	at org.apache.catalina.core.ApplicationFilterChain.internalDoFilter(ApplicationFilterChain.java:243)
	at org.apache.catalina.core.ApplicationFilterChain.doFilter(ApplicationFilterChain.java:210)
	at org.apache.catalina.core.StandardWrapperValve.invoke(StandardWrapperValve.java:222)
	at org.apache.catalina.core.StandardContextValve.invoke(StandardContextValve.java:123)
	at org.apache.catalina.core.StandardHostValve.invoke(StandardHostValve.java:168)
	at org.apache.catalina.valves.ErrorReportValve.invoke(ErrorReportValve.java:99)
	at org.apache.catalina.core.StandardEngineValve.invoke(StandardEngineValve.java:118)
	at org.apache.catalina.connector.CoyoteAdapter.service(CoyoteAdapter.java:407)
	at org.apache.coyote.http11.AbstractHttp11Processor.process(AbstractHttp11Processor.java:1002)
	at org.apache.coyote.AbstractProtocol$AbstractConnectionHandler.process(AbstractProtocol.java:585)
	at org.apache.tomcat.util.net.JIoEndpoint$SocketProcessor.run(JIoEndpoint.java:312)
	at java.util.concurrent.ThreadPoolExecutor.runWorker(ThreadPoolExecutor.java:1110)
	at java.util.concurrent.ThreadPoolExecutor$Worker.run(ThreadPoolExecutor.java:603)
	at java.lang.Thread.run(Thread.java:722)
2013-02-26 17:23:36,799 [http-bio-8080-exec-5] ERROR StackTrace  - Full Stack Trace:
java.lang.NullPointerException: Cannot invoke method getBytes() on null object
	at twittbreizhbeansgrails.UserController$$ENyZM2W0.create(UserController.groovy:28)
	at grails.plugin.cache.web.filter.PageFragmentCachingFilter.doFilter(PageFragmentCachingFilter.java:195)
	at grails.plugin.cache.web.filter.AbstractFilter.doFilter(AbstractFilter.java:63)
	at java.util.concurrent.ThreadPoolExecutor.runWorker(ThreadPoolExecutor.java:1110)
	at java.util.concurrent.ThreadPoolExecutor$Worker.run(ThreadPoolExecutor.java:603)
	at java.lang.Thread.run(Thread.java:722)
2013-02-26 17:23:36,811 [http-bio-8080-exec-5] ERROR StackTrace  - Full Stack Trace:
java.lang.NullPointerException: Cannot invoke method getBytes() on null object
	at twittbreizhbeansgrails.UserController$$ENyZM2W0.create(UserController.groovy:28)
	at grails.plugin.cache.web.filter.PageFragmentCachingFilter.doFilter(PageFragmentCachingFilter.java:195)
	at grails.plugin.cache.web.filter.AbstractFilter.doFilter(AbstractFilter.java:63)
	at java.util.concurrent.ThreadPoolExecutor.runWorker(ThreadPoolExecutor.java:1110)
	at java.util.concurrent.ThreadPoolExecutor$Worker.run(ThreadPoolExecutor.java:603)
	at java.lang.Thread.run(Thread.java:722)
2013-02-26 17:23:36,812 [http-bio-8080-exec-5] ERROR StackTrace  - Full Stack Trace:
java.lang.NullPointerException: Cannot invoke method getBytes() on null object
	at twittbreizhbeansgrails.UserController$$ENyZM2W0.create(UserController.groovy:28)
	at grails.plugin.cache.web.filter.PageFragmentCachingFilter.doFilter(PageFragmentCachingFilter.java:195)
	at grails.plugin.cache.web.filter.AbstractFilter.doFilter(AbstractFilter.java:63)
	at java.util.concurrent.ThreadPoolExecutor.runWorker(ThreadPoolExecutor.java:1110)
	at java.util.concurrent.ThreadPoolExecutor$Worker.run(ThreadPoolExecutor.java:603)
	at java.lang.Thread.run(Thread.java:722)
2013-02-26 17:23:36,812 [http-bio-8080-exec-5] ERROR StackTrace  - Full Stack Trace:
java.lang.NullPointerException: Cannot invoke method getBytes() on null object
	at twittbreizhbeansgrails.UserController$$ENyZM2W0.create(UserController.groovy:28)
	at grails.plugin.cache.web.filter.PageFragmentCachingFilter.doFilter(PageFragmentCachingFilter.java:195)
	at grails.plugin.cache.web.filter.AbstractFilter.doFilter(AbstractFilter.java:63)
	at java.util.concurrent.ThreadPoolExecutor.runWorker(ThreadPoolExecutor.java:1110)
	at java.util.concurrent.ThreadPoolExecutor$Worker.run(ThreadPoolExecutor.java:603)
	at java.lang.Thread.run(Thread.java:722)
2013-02-26 17:23:36,812 [http-bio-8080-exec-5] ERROR StackTrace  - Full Stack Trace:
java.lang.NullPointerException: Cannot invoke method getBytes() on null object
	at twittbreizhbeansgrails.UserController$$ENyZM2W0.create(UserController.groovy:28)
	at grails.plugin.cache.web.filter.PageFragmentCachingFilter.doFilter(PageFragmentCachingFilter.java:195)
	at grails.plugin.cache.web.filter.AbstractFilter.doFilter(AbstractFilter.java:63)
	at java.util.concurrent.ThreadPoolExecutor.runWorker(ThreadPoolExecutor.java:1110)
	at java.util.concurrent.ThreadPoolExecutor$Worker.run(ThreadPoolExecutor.java:603)
	at java.lang.Thread.run(Thread.java:722)
2013-02-26 18:00:50,236 [http-bio-8080-exec-3] ERROR StackTrace  - Full Stack Trace:
org.codehaus.groovy.control.MultipleCompilationErrorsException: startup failed:
/home/horacio/git/tests/TwittBreizhBeansGrails/grails-app/conf/BuildConfig.groovy: 39: expecting '}', found 'authenticate' @ line 39, column 59.
                                 authentica
                                 ^

1 error

	at org.codehaus.groovy.control.ErrorCollector.failIfErrors(ErrorCollector.java:309)
	at org.codehaus.groovy.control.ErrorCollector.addFatalError(ErrorCollector.java:149)
	at org.codehaus.groovy.control.ErrorCollector.addError(ErrorCollector.java:119)
	at org.codehaus.groovy.control.ErrorCollector.addError(ErrorCollector.java:131)
	at org.codehaus.groovy.control.SourceUnit.addError(SourceUnit.java:359)
	at org.codehaus.groovy.antlr.AntlrParserPlugin.transformCSTIntoAST(AntlrParserPlugin.java:142)
	at org.codehaus.groovy.antlr.AntlrParserPlugin.parseCST(AntlrParserPlugin.java:108)
	at org.codehaus.groovy.control.SourceUnit.parse(SourceUnit.java:236)
	at org.codehaus.groovy.control.CompilationUnit$1.call(CompilationUnit.java:162)
	at org.codehaus.groovy.control.CompilationUnit.applyToSourceUnits(CompilationUnit.java:903)
	at org.codehaus.groovy.control.CompilationUnit.doPhaseOperation(CompilationUnit.java:566)
	at org.codehaus.groovy.control.CompilationUnit.processPhaseOperations(CompilationUnit.java:542)
	at org.codehaus.groovy.control.CompilationUnit.compile(CompilationUnit.java:519)
	at org.codehaus.groovy.control.CompilationUnit.compile(CompilationUnit.java:498)
	at org.codehaus.groovy.tools.FileSystemCompiler.compile(FileSystemCompiler.java:55)
	at org.codehaus.groovy.tools.FileSystemCompiler.doCompilation(FileSystemCompiler.java:210)
	at org.codehaus.groovy.ant.Groovyc.runCompiler(Groovyc.java:1078)
	at org.codehaus.groovy.ant.Groovyc.compile(Groovyc.java:1129)
	at org.codehaus.groovy.grails.compiler.Grailsc.compile(Grailsc.java:79)
	at org.codehaus.groovy.ant.Groovyc.execute(Groovyc.java:748)
	at org.apache.tools.ant.UnknownElement.execute(UnknownElement.java:291)
	at sun.reflect.GeneratedMethodAccessor76.invoke(Unknown Source)
	at sun.reflect.DelegatingMethodAccessorImpl.invoke(DelegatingMethodAccessorImpl.java:43)
	at java.lang.reflect.Method.invoke(Method.java:601)
	at org.springsource.loaded.ri.ReflectiveInterceptor.jlrMethodInvoke(ReflectiveInterceptor.java:1249)
	at org.apache.tools.ant.dispatch.DispatchUtils.execute(DispatchUtils.java:106)
	at groovy.util.AntBuilder.performTask(AntBuilder.java:260)
	at groovy.util.AntBuilder.nodeCompleted(AntBuilder.java:220)
	at groovy.util.BuilderSupport.doInvokeMethod(BuilderSupport.java:147)
	at groovy.util.AntBuilder.doInvokeMethod(AntBuilder.java:170)
	at groovy.util.BuilderSupport.invokeMethod(BuilderSupport.java:64)
	at org.codehaus.gant.GantBuilder.invokeMethod(GantBuilder.java:99)
	at org.codehaus.groovy.runtime.callsite.PogoMetaClassSite.call(PogoMetaClassSite.java:45)
	at org.codehaus.groovy.runtime.callsite.AbstractCallSite.call(AbstractCallSite.java:120)
	at org.codehaus.groovy.grails.compiler.GrailsProjectCompiler.compile(GrailsProjectCompiler.groovy:268)
	at org.codehaus.groovy.grails.compiler.GrailsProjectCompiler$compile$0.callCurrent(Unknown Source)
	at org.codehaus.groovy.grails.compiler.GrailsProjectCompiler.compile(GrailsProjectCompiler.groovy:238)
	at org.codehaus.groovy.grails.compiler.GrailsProjectCompiler$compile.callCurrent(Unknown Source)
	at org.codehaus.groovy.grails.compiler.GrailsProjectCompiler.compileAll(GrailsProjectCompiler.groovy:230)
	at org.codehaus.groovy.grails.compiler.GrailsProjectWatcher.compileIfSource(GrailsProjectWatcher.java:273)
	at org.codehaus.groovy.grails.compiler.GrailsProjectWatcher.access$300(GrailsProjectWatcher.java:46)
	at org.codehaus.groovy.grails.compiler.GrailsProjectWatcher$1.onChange(GrailsProjectWatcher.java:153)
	at org.codehaus.groovy.grails.compiler.DirectoryWatcher.fireOnChange(DirectoryWatcher.java:175)
	at org.codehaus.groovy.grails.compiler.DirectoryWatcher.run(DirectoryWatcher.java:157)
	at org.codehaus.groovy.grails.compiler.GrailsProjectWatcher.run(GrailsProjectWatcher.java:178)
2013-02-26 18:00:50,296 [http-bio-8080-exec-3] ERROR StackTrace  - Full Stack Trace:
org.codehaus.groovy.control.MultipleCompilationErrorsException: startup failed:
/home/horacio/git/tests/TwittBreizhBeansGrails/grails-app/conf/BuildConfig.groovy: 39: expecting '}', found 'authenticate' @ line 39, column 59.
                                 authentica
                                 ^

1 error

	at org.codehaus.groovy.control.ErrorCollector.failIfErrors(ErrorCollector.java:309)
	at org.codehaus.groovy.control.ErrorCollector.addFatalError(ErrorCollector.java:149)
	at org.codehaus.groovy.control.ErrorCollector.addError(ErrorCollector.java:119)
	at org.codehaus.groovy.control.ErrorCollector.addError(ErrorCollector.java:131)
	at org.codehaus.groovy.control.SourceUnit.addError(SourceUnit.java:359)
	at org.codehaus.groovy.antlr.AntlrParserPlugin.transformCSTIntoAST(AntlrParserPlugin.java:142)
	at org.codehaus.groovy.antlr.AntlrParserPlugin.parseCST(AntlrParserPlugin.java:108)
	at org.codehaus.groovy.control.SourceUnit.parse(SourceUnit.java:236)
	at org.codehaus.groovy.control.CompilationUnit$1.call(CompilationUnit.java:162)
	at org.codehaus.groovy.control.CompilationUnit.applyToSourceUnits(CompilationUnit.java:903)
	at org.codehaus.groovy.control.CompilationUnit.doPhaseOperation(CompilationUnit.java:566)
	at org.codehaus.groovy.control.CompilationUnit.processPhaseOperations(CompilationUnit.java:542)
	at org.codehaus.groovy.control.CompilationUnit.compile(CompilationUnit.java:519)
	at org.codehaus.groovy.control.CompilationUnit.compile(CompilationUnit.java:498)
	at org.codehaus.groovy.tools.FileSystemCompiler.compile(FileSystemCompiler.java:55)
	at org.codehaus.groovy.tools.FileSystemCompiler.doCompilation(FileSystemCompiler.java:210)
	at org.codehaus.groovy.ant.Groovyc.runCompiler(Groovyc.java:1078)
	at org.codehaus.groovy.ant.Groovyc.compile(Groovyc.java:1129)
	at org.codehaus.groovy.ant.Groovyc.execute(Groovyc.java:748)
	at org.apache.tools.ant.UnknownElement.execute(UnknownElement.java:291)
	at org.apache.tools.ant.dispatch.DispatchUtils.execute(DispatchUtils.java:106)
2013-02-26 18:00:50,318 [http-bio-8080-exec-3] ERROR StackTrace  - Full Stack Trace:
org.codehaus.groovy.control.MultipleCompilationErrorsException: startup failed:
/home/horacio/git/tests/TwittBreizhBeansGrails/grails-app/conf/BuildConfig.groovy: 39: expecting '}', found 'authenticate' @ line 39, column 59.
                                 authentica
                                 ^

1 error

	at org.codehaus.groovy.control.ErrorCollector.failIfErrors(ErrorCollector.java:309)
	at org.codehaus.groovy.control.ErrorCollector.addFatalError(ErrorCollector.java:149)
	at org.codehaus.groovy.control.ErrorCollector.addError(ErrorCollector.java:119)
	at org.codehaus.groovy.control.ErrorCollector.addError(ErrorCollector.java:131)
	at org.codehaus.groovy.control.SourceUnit.addError(SourceUnit.java:359)
	at org.codehaus.groovy.antlr.AntlrParserPlugin.transformCSTIntoAST(AntlrParserPlugin.java:142)
	at org.codehaus.groovy.antlr.AntlrParserPlugin.parseCST(AntlrParserPlugin.java:108)
	at org.codehaus.groovy.control.SourceUnit.parse(SourceUnit.java:236)
	at org.codehaus.groovy.control.CompilationUnit$1.call(CompilationUnit.java:162)
	at org.codehaus.groovy.control.CompilationUnit.applyToSourceUnits(CompilationUnit.java:903)
	at org.codehaus.groovy.control.CompilationUnit.doPhaseOperation(CompilationUnit.java:566)
	at org.codehaus.groovy.control.CompilationUnit.processPhaseOperations(CompilationUnit.java:542)
	at org.codehaus.groovy.control.CompilationUnit.compile(CompilationUnit.java:519)
	at org.codehaus.groovy.control.CompilationUnit.compile(CompilationUnit.java:498)
	at org.codehaus.groovy.tools.FileSystemCompiler.compile(FileSystemCompiler.java:55)
	at org.codehaus.groovy.tools.FileSystemCompiler.doCompilation(FileSystemCompiler.java:210)
	at org.codehaus.groovy.ant.Groovyc.runCompiler(Groovyc.java:1078)
	at org.codehaus.groovy.ant.Groovyc.compile(Groovyc.java:1129)
	at org.codehaus.groovy.ant.Groovyc.execute(Groovyc.java:748)
	at org.apache.tools.ant.UnknownElement.execute(UnknownElement.java:291)
	at org.apache.tools.ant.dispatch.DispatchUtils.execute(DispatchUtils.java:106)
2013-02-26 18:00:50,319 [http-bio-8080-exec-3] ERROR StackTrace  - Full Stack Trace:
org.codehaus.groovy.control.MultipleCompilationErrorsException: startup failed:
/home/horacio/git/tests/TwittBreizhBeansGrails/grails-app/conf/BuildConfig.groovy: 39: expecting '}', found 'authenticate' @ line 39, column 59.
                                 authentica
                                 ^

1 error

	at org.codehaus.groovy.control.ErrorCollector.failIfErrors(ErrorCollector.java:309)
	at org.codehaus.groovy.control.ErrorCollector.addFatalError(ErrorCollector.java:149)
	at org.codehaus.groovy.control.ErrorCollector.addError(ErrorCollector.java:119)
	at org.codehaus.groovy.control.ErrorCollector.addError(ErrorCollector.java:131)
	at org.codehaus.groovy.control.SourceUnit.addError(SourceUnit.java:359)
	at org.codehaus.groovy.antlr.AntlrParserPlugin.transformCSTIntoAST(AntlrParserPlugin.java:142)
	at org.codehaus.groovy.antlr.AntlrParserPlugin.parseCST(AntlrParserPlugin.java:108)
	at org.codehaus.groovy.control.SourceUnit.parse(SourceUnit.java:236)
	at org.codehaus.groovy.control.CompilationUnit$1.call(CompilationUnit.java:162)
	at org.codehaus.groovy.control.CompilationUnit.applyToSourceUnits(CompilationUnit.java:903)
	at org.codehaus.groovy.control.CompilationUnit.doPhaseOperation(CompilationUnit.java:566)
	at org.codehaus.groovy.control.CompilationUnit.processPhaseOperations(CompilationUnit.java:542)
	at org.codehaus.groovy.control.CompilationUnit.compile(CompilationUnit.java:519)
	at org.codehaus.groovy.control.CompilationUnit.compile(CompilationUnit.java:498)
	at org.codehaus.groovy.tools.FileSystemCompiler.compile(FileSystemCompiler.java:55)
	at org.codehaus.groovy.tools.FileSystemCompiler.doCompilation(FileSystemCompiler.java:210)
	at org.codehaus.groovy.ant.Groovyc.runCompiler(Groovyc.java:1078)
	at org.codehaus.groovy.ant.Groovyc.compile(Groovyc.java:1129)
	at org.codehaus.groovy.ant.Groovyc.execute(Groovyc.java:748)
	at org.apache.tools.ant.UnknownElement.execute(UnknownElement.java:291)
	at org.apache.tools.ant.dispatch.DispatchUtils.execute(DispatchUtils.java:106)
2013-02-26 18:03:44,582 [http-bio-8080-exec-1] ERROR StackTrace  - Full Stack Trace:
java.lang.NullPointerException: Cannot get property 'password' on null object
	at org.codehaus.groovy.runtime.NullObject.getProperty(NullObject.java:56)
	at org.codehaus.groovy.runtime.InvokerHelper.getProperty(InvokerHelper.java:169)
	at org.codehaus.groovy.runtime.callsite.NullCallSite.getProperty(NullCallSite.java:44)
	at org.codehaus.groovy.runtime.callsite.AbstractCallSite.callGetProperty(AbstractCallSite.java:227)
	at twittbreizhbeansgrails.UserController.authenticate(UserController.groovy:38)
	at sun.reflect.NativeMethodAccessorImpl.invoke0(Native Method)
	at sun.reflect.NativeMethodAccessorImpl.invoke(NativeMethodAccessorImpl.java:57)
	at sun.reflect.DelegatingMethodAccessorImpl.invoke(DelegatingMethodAccessorImpl.java:43)
	at java.lang.reflect.Method.invoke(Method.java:601)
	at org.springsource.loaded.ri.ReflectiveInterceptor.jlrMethodInvoke(ReflectiveInterceptor.java:1243)
	at org.codehaus.groovy.grails.web.servlet.mvc.MixedGrailsControllerHelper.invoke(MixedGrailsControllerHelper.java:69)
	at org.codehaus.groovy.grails.web.servlet.mvc.AbstractGrailsControllerHelper.handleAction(AbstractGrailsControllerHelper.java:334)
	at org.codehaus.groovy.grails.web.servlet.mvc.AbstractGrailsControllerHelper.executeAction(AbstractGrailsControllerHelper.java:217)
	at org.codehaus.groovy.grails.web.servlet.mvc.AbstractGrailsControllerHelper.handleURI(AbstractGrailsControllerHelper.java:183)
	at org.codehaus.groovy.grails.web.servlet.mvc.AbstractGrailsControllerHelper.handleURI(AbstractGrailsControllerHelper.java:116)
	at org.codehaus.groovy.grails.web.servlet.mvc.SimpleGrailsController.handleRequest(SimpleGrailsController.java:72)
	at org.springframework.web.servlet.mvc.SimpleControllerHandlerAdapter.handle(SimpleControllerHandlerAdapter.java:48)
	at org.codehaus.groovy.grails.web.servlet.GrailsDispatcherServlet.doDispatch(GrailsDispatcherServlet.java:328)
	at org.springframework.web.servlet.DispatcherServlet.doService(DispatcherServlet.java:852)
	at org.springframework.web.servlet.FrameworkServlet.processRequest(FrameworkServlet.java:882)
	at org.springframework.web.servlet.FrameworkServlet.doGet(FrameworkServlet.java:778)
	at javax.servlet.http.HttpServlet.service(HttpServlet.java:621)
	at javax.servlet.http.HttpServlet.service(HttpServlet.java:722)
	at org.apache.catalina.core.ApplicationFilterChain.internalDoFilter(ApplicationFilterChain.java:305)
	at org.apache.catalina.core.ApplicationFilterChain.doFilter(ApplicationFilterChain.java:210)
	at grails.plugin.cache.web.filter.PageFragmentCachingFilter.doFilter(PageFragmentCachingFilter.java:195)
	at grails.plugin.cache.web.filter.AbstractFilter.doFilter(AbstractFilter.java:63)
	at org.springframework.web.filter.DelegatingFilterProxy.invokeDelegate(DelegatingFilterProxy.java:346)
	at org.springframework.web.filter.DelegatingFilterProxy.doFilter(DelegatingFilterProxy.java:259)
	at org.apache.catalina.core.ApplicationFilterChain.internalDoFilter(ApplicationFilterChain.java:243)
	at org.apache.catalina.core.ApplicationFilterChain.doFilter(ApplicationFilterChain.java:210)
	at org.springframework.web.filter.OncePerRequestFilter.doFilter(OncePerRequestFilter.java:70)
	at org.apache.catalina.core.ApplicationFilterChain.internalDoFilter(ApplicationFilterChain.java:243)
	at org.apache.catalina.core.ApplicationFilterChain.doFilter(ApplicationFilterChain.java:210)
	at org.springframework.web.filter.OncePerRequestFilter.doFilter(OncePerRequestFilter.java:70)
	at org.apache.catalina.core.ApplicationFilterChain.internalDoFilter(ApplicationFilterChain.java:243)
	at org.apache.catalina.core.ApplicationFilterChain.doFilter(ApplicationFilterChain.java:210)
	at org.springframework.web.filter.OncePerRequestFilter.doFilter(OncePerRequestFilter.java:70)
	at org.apache.catalina.core.ApplicationFilterChain.internalDoFilter(ApplicationFilterChain.java:243)
	at org.apache.catalina.core.ApplicationFilterChain.doFilter(ApplicationFilterChain.java:210)
	at org.apache.catalina.core.ApplicationDispatcher.invoke(ApplicationDispatcher.java:749)
	at org.apache.catalina.core.ApplicationDispatcher.processRequest(ApplicationDispatcher.java:487)
	at org.apache.catalina.core.ApplicationDispatcher.doForward(ApplicationDispatcher.java:412)
	at org.apache.catalina.core.ApplicationDispatcher.forward(ApplicationDispatcher.java:339)
	at org.codehaus.groovy.grails.web.util.WebUtils.forwardRequestForUrlMappingInfo(WebUtils.java:314)
	at org.codehaus.groovy.grails.web.util.WebUtils.forwardRequestForUrlMappingInfo(WebUtils.java:279)
	at org.codehaus.groovy.grails.web.util.WebUtils.forwardRequestForUrlMappingInfo(WebUtils.java:270)
	at org.codehaus.groovy.grails.web.mapping.filter.UrlMappingsFilter.doFilterInternal(UrlMappingsFilter.java:221)
	at org.springframework.web.filter.OncePerRequestFilter.doFilter(OncePerRequestFilter.java:76)
	at org.apache.catalina.core.ApplicationFilterChain.internalDoFilter(ApplicationFilterChain.java:243)
	at org.apache.catalina.core.ApplicationFilterChain.doFilter(ApplicationFilterChain.java:210)
	at org.codehaus.groovy.grails.web.sitemesh.GrailsPageFilter.obtainContent(GrailsPageFilter.java:200)
	at org.codehaus.groovy.grails.web.sitemesh.GrailsPageFilter.doFilter(GrailsPageFilter.java:151)
	at org.apache.catalina.core.ApplicationFilterChain.internalDoFilter(ApplicationFilterChain.java:243)
	at org.apache.catalina.core.ApplicationFilterChain.doFilter(ApplicationFilterChain.java:210)
	at javax.servlet.FilterChain$doFilter.call(Unknown Source)
	at org.codehaus.groovy.runtime.callsite.CallSiteArray.defaultCall(CallSiteArray.java:45)
	at org.codehaus.groovy.runtime.callsite.AbstractCallSite.call(AbstractCallSite.java:108)
	at org.codehaus.groovy.runtime.callsite.AbstractCallSite.call(AbstractCallSite.java:120)
	at org.grails.plugin.resource.DevModeSanityFilter.doFilter(DevModeSanityFilter.groovy:44)
	at org.apache.catalina.core.ApplicationFilterChain.internalDoFilter(ApplicationFilterChain.java:243)
	at org.apache.catalina.core.ApplicationFilterChain.doFilter(ApplicationFilterChain.java:210)
	at org.codehaus.groovy.grails.web.servlet.mvc.GrailsWebRequestFilter.doFilterInternal(GrailsWebRequestFilter.java:69)
	at org.springframework.web.filter.OncePerRequestFilter.doFilter(OncePerRequestFilter.java:76)
	at org.apache.catalina.core.ApplicationFilterChain.internalDoFilter(ApplicationFilterChain.java:243)
	at org.apache.catalina.core.ApplicationFilterChain.doFilter(ApplicationFilterChain.java:210)
	at org.codehaus.groovy.grails.web.filters.HiddenHttpMethodFilter.doFilterInternal(HiddenHttpMethodFilter.java:66)
	at org.springframework.web.filter.OncePerRequestFilter.doFilter(OncePerRequestFilter.java:76)
	at org.apache.catalina.core.ApplicationFilterChain.internalDoFilter(ApplicationFilterChain.java:243)
	at org.apache.catalina.core.ApplicationFilterChain.doFilter(ApplicationFilterChain.java:210)
	at org.springframework.web.filter.CharacterEncodingFilter.doFilterInternal(CharacterEncodingFilter.java:88)
	at org.springframework.web.filter.OncePerRequestFilter.doFilter(OncePerRequestFilter.java:76)
	at org.springframework.web.filter.DelegatingFilterProxy.invokeDelegate(DelegatingFilterProxy.java:346)
	at org.springframework.web.filter.DelegatingFilterProxy.doFilter(DelegatingFilterProxy.java:259)
	at org.apache.catalina.core.ApplicationFilterChain.internalDoFilter(ApplicationFilterChain.java:243)
	at org.apache.catalina.core.ApplicationFilterChain.doFilter(ApplicationFilterChain.java:210)
	at org.apache.catalina.core.StandardWrapperValve.invoke(StandardWrapperValve.java:222)
	at org.apache.catalina.core.StandardContextValve.invoke(StandardContextValve.java:123)
	at org.apache.catalina.core.StandardHostValve.invoke(StandardHostValve.java:168)
	at org.apache.catalina.valves.ErrorReportValve.invoke(ErrorReportValve.java:99)
	at org.apache.catalina.core.StandardEngineValve.invoke(StandardEngineValve.java:118)
	at org.apache.catalina.connector.CoyoteAdapter.service(CoyoteAdapter.java:407)
	at org.apache.coyote.http11.AbstractHttp11Processor.process(AbstractHttp11Processor.java:1002)
	at org.apache.coyote.AbstractProtocol$AbstractConnectionHandler.process(AbstractProtocol.java:585)
	at org.apache.tomcat.util.net.JIoEndpoint$SocketProcessor.run(JIoEndpoint.java:310)
	at java.util.concurrent.ThreadPoolExecutor.runWorker(ThreadPoolExecutor.java:1110)
	at java.util.concurrent.ThreadPoolExecutor$Worker.run(ThreadPoolExecutor.java:603)
	at java.lang.Thread.run(Thread.java:722)
2013-02-26 18:03:44,585 [http-bio-8080-exec-1] ERROR StackTrace  - Full Stack Trace:
java.lang.NullPointerException: Cannot get property 'password' on null object
	at twittbreizhbeansgrails.UserController.authenticate(UserController.groovy:38)
	at grails.plugin.cache.web.filter.PageFragmentCachingFilter.doFilter(PageFragmentCachingFilter.java:195)
	at grails.plugin.cache.web.filter.AbstractFilter.doFilter(AbstractFilter.java:63)
	at java.util.concurrent.ThreadPoolExecutor.runWorker(ThreadPoolExecutor.java:1110)
	at java.util.concurrent.ThreadPoolExecutor$Worker.run(ThreadPoolExecutor.java:603)
	at java.lang.Thread.run(Thread.java:722)
2013-02-26 18:03:44,606 [http-bio-8080-exec-1] ERROR StackTrace  - Full Stack Trace:
java.lang.NullPointerException: Cannot get property 'password' on null object
	at twittbreizhbeansgrails.UserController.authenticate(UserController.groovy:38)
	at grails.plugin.cache.web.filter.PageFragmentCachingFilter.doFilter(PageFragmentCachingFilter.java:195)
	at grails.plugin.cache.web.filter.AbstractFilter.doFilter(AbstractFilter.java:63)
	at java.util.concurrent.ThreadPoolExecutor.runWorker(ThreadPoolExecutor.java:1110)
	at java.util.concurrent.ThreadPoolExecutor$Worker.run(ThreadPoolExecutor.java:603)
	at java.lang.Thread.run(Thread.java:722)
2013-02-26 18:03:44,606 [http-bio-8080-exec-1] ERROR StackTrace  - Full Stack Trace:
java.lang.NullPointerException: Cannot get property 'password' on null object
	at twittbreizhbeansgrails.UserController.authenticate(UserController.groovy:38)
	at grails.plugin.cache.web.filter.PageFragmentCachingFilter.doFilter(PageFragmentCachingFilter.java:195)
	at grails.plugin.cache.web.filter.AbstractFilter.doFilter(AbstractFilter.java:63)
	at java.util.concurrent.ThreadPoolExecutor.runWorker(ThreadPoolExecutor.java:1110)
	at java.util.concurrent.ThreadPoolExecutor$Worker.run(ThreadPoolExecutor.java:603)
	at java.lang.Thread.run(Thread.java:722)
2013-02-26 18:03:44,607 [http-bio-8080-exec-1] ERROR StackTrace  - Full Stack Trace:
java.lang.NullPointerException: Cannot get property 'password' on null object
	at twittbreizhbeansgrails.UserController.authenticate(UserController.groovy:38)
	at grails.plugin.cache.web.filter.PageFragmentCachingFilter.doFilter(PageFragmentCachingFilter.java:195)
	at grails.plugin.cache.web.filter.AbstractFilter.doFilter(AbstractFilter.java:63)
	at java.util.concurrent.ThreadPoolExecutor.runWorker(ThreadPoolExecutor.java:1110)
	at java.util.concurrent.ThreadPoolExecutor$Worker.run(ThreadPoolExecutor.java:603)
	at java.lang.Thread.run(Thread.java:722)
2013-02-26 18:03:44,607 [http-bio-8080-exec-1] ERROR StackTrace  - Full Stack Trace:
java.lang.NullPointerException: Cannot get property 'password' on null object
	at twittbreizhbeansgrails.UserController.authenticate(UserController.groovy:38)
	at grails.plugin.cache.web.filter.PageFragmentCachingFilter.doFilter(PageFragmentCachingFilter.java:195)
	at grails.plugin.cache.web.filter.AbstractFilter.doFilter(AbstractFilter.java:63)
	at java.util.concurrent.ThreadPoolExecutor.runWorker(ThreadPoolExecutor.java:1110)
	at java.util.concurrent.ThreadPoolExecutor$Worker.run(ThreadPoolExecutor.java:603)
	at java.lang.Thread.run(Thread.java:722)
